1659955255747	geckodriver	INFO	Listening on 127.0.0.1:55429
1659955256253	mozrunner::runner	INFO	Running command: "/usr/bin/firefox" "--marionette" "-headless" "--remote-debugging-port" "54543" "-no-remote" "-profile" "/tmp/rust_mozprofilejT1CfD"
*** You are running in headless mode.
1659955256485	Marionette	INFO	Marionette enabled
1659955256487	Marionette	INFO	Listening on port 42681
WebDriver BiDi listening on ws://localhost:54543
1659955256646	RemoteAgent	WARN	TLS certificate errors will be ignored for this session
[GFX1-]: RenderCompositorSWGL failed mapping default framebuffer, no dt
console.warn: SearchSettings: "get: No settings file exists, new profile?" (new NotFoundError("Could not open the file at /tmp/rust_mozprofilejT1CfD/search.json.mozlz4", (void 0)))
Missing chrome or resource URL: resource://gre/modules/UpdateListener.jsm
Missing chrome or resource URL: resource://gre/modules/UpdateListener.sys.mjs
DevTools listening on ws://localhost:54543/devtools/browser/1ed74daa-0fdd-495f-99dc-160bd9fb34df
console.error: Region.jsm: "Error fetching region" (new Error("TIMEOUT", "resource://gre/modules/Region.jsm", 769))
console.error: Region.jsm: "Failed to fetch region" (new Error("TIMEOUT", "resource://gre/modules/Region.jsm", 421))
Exiting due to channel error.
Exiting due to channel error.
Exiting due to channel error.
1659955642211	geckodriver	INFO	Listening on 127.0.0.1:34817
1659955642717	mozrunner::runner	INFO	Running command: "/usr/bin/firefox" "--marionette" "-headless" "--remote-debugging-port" "55683" "-no-remote" "-profile" "/tmp/rust_mozprofilePnKaRo"
*** You are running in headless mode.
1659955642942	Marionette	INFO	Marionette enabled
1659955642945	Marionette	INFO	Listening on port 45099
WebDriver BiDi listening on ws://localhost:55683
1659955643102	RemoteAgent	WARN	TLS certificate errors will be ignored for this session
[GFX1-]: RenderCompositorSWGL failed mapping default framebuffer, no dt
console.warn: SearchSettings: "get: No settings file exists, new profile?" (new NotFoundError("Could not open the file at /tmp/rust_mozprofilePnKaRo/search.json.mozlz4", (void 0)))
Missing chrome or resource URL: resource://gre/modules/UpdateListener.jsm
Missing chrome or resource URL: resource://gre/modules/UpdateListener.sys.mjs
DevTools listening on ws://localhost:55683/devtools/browser/089a96a4-6f2b-406a-86c4-2ff350a02b32
console.error: Region.jsm: "Error fetching region" (new Error("TIMEOUT", "resource://gre/modules/Region.jsm", 769))
console.error: Region.jsm: "Failed to fetch region" (new Error("TIMEOUT", "resource://gre/modules/Region.jsm", 421))
1659955655138	Marionette	INFO	Stopped listening on port 45099
Missing chrome or resource URL: resource://gre/modules/UpdateListener.jsm
Missing chrome or resource URL: resource://gre/modules/UpdateListener.sys.mjs
console.error: "Error during quit-application-granted: [Exception... \"File error: Not found\"  nsresult: \"0x80520012 (NS_ERROR_FILE_NOT_FOUND)\"  location: \"JS frame :: resource:///modules/BrowserGlue.jsm :: _onQuitApplicationGranted/tasks< :: line 2006\"  data: no]"
